{"/Users/datng/Documents/Projects/DEMO/js-testing-introduction/util.js": {"path":"/Users/datng/Documents/Projects/DEMO/js-testing-introduction/util.js","statementMap":{"0":{"start":{"line":1,"column":21},"end":{"line":4,"column":1}},"1":{"start":{"line":3,"column":2},"end":{"line":3,"column":38}},"2":{"start":{"line":6,"column":0},"end":{"line":12,"column":2}},"3":{"start":{"line":8,"column":21},"end":{"line":8,"column":49}},"4":{"start":{"line":9,"column":2},"end":{"line":9,"column":38}},"5":{"start":{"line":10,"column":2},"end":{"line":10,"column":32}},"6":{"start":{"line":11,"column":2},"end":{"line":11,"column":20}},"7":{"start":{"line":14,"column":22},"end":{"line":26,"column":1}},"8":{"start":{"line":16,"column":2},"end":{"line":18,"column":3}},"9":{"start":{"line":17,"column":4},"end":{"line":17,"column":17}},"10":{"start":{"line":19,"column":2},"end":{"line":21,"column":3}},"11":{"start":{"line":20,"column":4},"end":{"line":20,"column":17}},"12":{"start":{"line":22,"column":2},"end":{"line":24,"column":3}},"13":{"start":{"line":23,"column":4},"end":{"line":23,"column":17}},"14":{"start":{"line":25,"column":2},"end":{"line":25,"column":14}},"15":{"start":{"line":28,"column":0},"end":{"line":36,"column":1}},"16":{"start":{"line":29,"column":2},"end":{"line":34,"column":3}},"17":{"start":{"line":33,"column":4},"end":{"line":33,"column":17}},"18":{"start":{"line":35,"column":2},"end":{"line":35,"column":32}},"19":{"start":{"line":38,"column":0},"end":{"line":38,"column":36}},"20":{"start":{"line":39,"column":0},"end":{"line":39,"column":38}}},"fnMap":{"0":{"name":"(anonymous_0)","decl":{"start":{"line":1,"column":21},"end":{"line":1,"column":22}},"loc":{"start":{"line":1,"column":36},"end":{"line":4,"column":1}},"line":1},"1":{"name":"(anonymous_1)","decl":{"start":{"line":6,"column":24},"end":{"line":6,"column":25}},"loc":{"start":{"line":6,"column":51},"end":{"line":12,"column":1}},"line":6},"2":{"name":"(anonymous_2)","decl":{"start":{"line":14,"column":22},"end":{"line":14,"column":23}},"loc":{"start":{"line":14,"column":52},"end":{"line":26,"column":1}},"line":14},"3":{"name":"(anonymous_3)","decl":{"start":{"line":28,"column":27},"end":{"line":28,"column":28}},"loc":{"start":{"line":28,"column":42},"end":{"line":36,"column":1}},"line":28}},"branchMap":{"0":{"loc":{"start":{"line":16,"column":2},"end":{"line":18,"column":3}},"type":"if","locations":[{"start":{"line":16,"column":2},"end":{"line":18,"column":3}},{"start":{},"end":{}}],"line":16},"1":{"loc":{"start":{"line":19,"column":2},"end":{"line":21,"column":3}},"type":"if","locations":[{"start":{"line":19,"column":2},"end":{"line":21,"column":3}},{"start":{},"end":{}}],"line":19},"2":{"loc":{"start":{"line":19,"column":6},"end":{"line":19,"column":42}},"type":"binary-expr","locations":[{"start":{"line":19,"column":6},"end":{"line":19,"column":14}},{"start":{"line":19,"column":18},"end":{"line":19,"column":42}}],"line":19},"3":{"loc":{"start":{"line":22,"column":2},"end":{"line":24,"column":3}},"type":"if","locations":[{"start":{"line":22,"column":2},"end":{"line":24,"column":3}},{"start":{},"end":{}}],"line":22},"4":{"loc":{"start":{"line":22,"column":6},"end":{"line":22,"column":31}},"type":"binary-expr","locations":[{"start":{"line":22,"column":6},"end":{"line":22,"column":14}},{"start":{"line":22,"column":18},"end":{"line":22,"column":31}}],"line":22},"5":{"loc":{"start":{"line":29,"column":2},"end":{"line":34,"column":3}},"type":"if","locations":[{"start":{"line":29,"column":2},"end":{"line":34,"column":3}},{"start":{},"end":{}}],"line":29},"6":{"loc":{"start":{"line":30,"column":4},"end":{"line":31,"column":36}},"type":"binary-expr","locations":[{"start":{"line":30,"column":4},"end":{"line":30,"column":37}},{"start":{"line":31,"column":4},"end":{"line":31,"column":36}}],"line":30}},"s":{"0":1,"1":3,"2":1,"3":0,"4":0,"5":0,"6":0,"7":1,"8":2,"9":0,"10":2,"11":0,"12":2,"13":0,"14":2,"15":1,"16":1,"17":0,"18":1,"19":1,"20":1},"f":{"0":3,"1":0,"2":2,"3":1},"b":{"0":[0,2],"1":[0,2],"2":[2,1],"3":[0,2],"4":[2,1],"5":[0,1],"6":[1,1]},"_coverageSchema":"1a1c01bbd47fc00a2c39e90264f33305004495a9","hash":"b3a0cb777d3843ca3962d4a0b97a7196a40c91ea"}
}
